e:\qtprojects\planewar_multiplayer_v4\planewar_multiplayer_v4\planewar_game\debug\gameobject.obj
e:\qtprojects\planewar_multiplayer_v4\planewar_multiplayer_v4\planewar_game\debug\playerbullet.obj
e:\qtprojects\planewar_multiplayer_v4\planewar_multiplayer_v4\planewar_game\debug\rng.obj
e:\qtprojects\planewar_multiplayer_v4\planewar_multiplayer_v4\planewar_game\debug\soundengine.obj
e:\qtprojects\planewar_multiplayer_v4\planewar_multiplayer_v4\planewar_game\debug\enemyplane.obj
e:\qtprojects\planewar_multiplayer_v4\planewar_multiplayer_v4\planewar_game\debug\planewar.obj
e:\qtprojects\planewar_multiplayer_v4\planewar_multiplayer_v4\planewar_game\debug\enemybullet.obj
e:\qtprojects\planewar_multiplayer_v4\planewar_multiplayer_v4\planewar_game\debug\particlegenerator.obj
e:\qtprojects\planewar_multiplayer_v4\planewar_multiplayer_v4\planewar_game\debug\playerplane.obj
e:\qtprojects\planewar_multiplayer_v4\planewar_multiplayer_v4\planewar_game\debug\main.obj
e:\qtprojects\planewar_multiplayer_v4\planewar_multiplayer_v4\planewar_game\debug\skill.obj
e:\qtprojects\planewar_multiplayer_v4\planewar_multiplayer_v4\planewar_game\debug\vc142.pdb
e:\qtprojects\planewar_multiplayer_v4\planewar_multiplayer_v4\planewar_game\debug\qrc_src.obj
e:\qtprojects\planewar_multiplayer_v4\planewar_multiplayer_v4\planewar_game\debug\moc_planewar.obj
e:\qtprojects\planewar_multiplayer_v4\planewar_multiplayer_v4\planewar_game\debug\moc_predefs.h
e:\qtprojects\planewar_multiplayer_v4\planewar_multiplayer_v4\planewar_game\debug\planewar_game.ilk
e:\qtprojects\planewar_multiplayer_v4\planewar_multiplayer_v4\planewar_game\debug\planewar_game.exe
e:\qtprojects\planewar_multiplayer_v4\planewar_multiplayer_v4\planewar_game\debug\planewar_game.pdb
e:\qtprojects\planewar_multiplayer_v4\planewar_multiplayer_v4\planewar_game\debug\moc_planewar.cpp
e:\qtprojects\planewar_multiplayer_v4\planewar_multiplayer_v4\planewar_game\debug\qrc_src.cpp
e:\qtprojects\planewar_multiplayer_v4\planewar_multiplayer_v4\planewar_game\debug\planewar_game.tlog\cl.14828.write.1.tlog
e:\qtprojects\planewar_multiplayer_v4\planewar_multiplayer_v4\planewar_game\debug\planewar_game.tlog\cl.command.1.tlog
e:\qtprojects\planewar_multiplayer_v4\planewar_multiplayer_v4\planewar_game\debug\planewar_game.tlog\cl.read.1.tlog
e:\qtprojects\planewar_multiplayer_v4\planewar_multiplayer_v4\planewar_game\debug\planewar_game.tlog\custombuild.command.1.tlog
e:\qtprojects\planewar_multiplayer_v4\planewar_multiplayer_v4\planewar_game\debug\planewar_game.tlog\custombuild.read.1.tlog
e:\qtprojects\planewar_multiplayer_v4\planewar_multiplayer_v4\planewar_game\debug\planewar_game.tlog\custombuild.write.1.tlog
e:\qtprojects\planewar_multiplayer_v4\planewar_multiplayer_v4\planewar_game\debug\planewar_game.tlog\link.command.1.tlog
e:\qtprojects\planewar_multiplayer_v4\planewar_multiplayer_v4\planewar_game\debug\planewar_game.tlog\link.read.1.tlog
e:\qtprojects\planewar_multiplayer_v4\planewar_multiplayer_v4\planewar_game\debug\planewar_game.tlog\link.write.1.tlog
e:\qtprojects\planewar_multiplayer_v4\planewar_multiplayer_v4\planewar_game\debug\planewar_game.tlog\moc.read.1u.tlog
e:\qtprojects\planewar_multiplayer_v4\planewar_multiplayer_v4\planewar_game\debug\planewar_game.tlog\moc.write.1u.tlog
e:\qtprojects\planewar_multiplayer_v4\planewar_multiplayer_v4\planewar_game\debug\planewar_game.tlog\planewar_game.write.1u.tlog
e:\qtprojects\planewar_multiplayer_v4\planewar_multiplayer_v4\planewar_game\debug\planewar_game.tlog\rcc.read.1u.tlog
e:\qtprojects\planewar_multiplayer_v4\planewar_multiplayer_v4\planewar_game\debug\planewar_game.tlog\rcc.write.1u.tlog
