e:\qtprojects\planewar_multiplayer_v4\planewar_multiplayer_v4\ui\x64\debug\moc_adminloginform.obj
e:\qtprojects\planewar_multiplayer_v4\planewar_multiplayer_v4\ui\x64\debug\moc_joingameform.obj
e:\qtprojects\planewar_multiplayer_v4\planewar_multiplayer_v4\ui\x64\debug\moc_modifyloginform.obj
e:\qtprojects\planewar_multiplayer_v4\planewar_multiplayer_v4\ui\x64\debug\moc_modifyuserform.obj
e:\qtprojects\planewar_multiplayer_v4\planewar_multiplayer_v4\ui\x64\debug\moc_soundsettingform.obj
e:\qtprojects\planewar_multiplayer_v4\planewar_multiplayer_v4\ui\x64\debug\moc_adminoperationform.obj
e:\qtprojects\planewar_multiplayer_v4\planewar_multiplayer_v4\ui\x64\debug\moc_instructionform.obj
e:\qtprojects\planewar_multiplayer_v4\planewar_multiplayer_v4\ui\x64\debug\moc_loginform.obj
e:\qtprojects\planewar_multiplayer_v4\planewar_multiplayer_v4\ui\x64\debug\moc_modifytotalrecform.obj
e:\qtprojects\planewar_multiplayer_v4\planewar_multiplayer_v4\ui\x64\debug\moc_registerform.obj
e:\qtprojects\planewar_multiplayer_v4\planewar_multiplayer_v4\ui\x64\debug\moc_exitform.obj
e:\qtprojects\planewar_multiplayer_v4\planewar_multiplayer_v4\ui\x64\debug\moc_gamesettingform.obj
e:\qtprojects\planewar_multiplayer_v4\planewar_multiplayer_v4\ui\x64\debug\moc_mainwidget.obj
e:\qtprojects\planewar_multiplayer_v4\planewar_multiplayer_v4\ui\x64\debug\moc_optionform.obj
e:\qtprojects\planewar_multiplayer_v4\planewar_multiplayer_v4\ui\x64\debug\qrc_src.obj
e:\qtprojects\planewar_multiplayer_v4\planewar_multiplayer_v4\ui\x64\debug\moc_gameform.obj
e:\qtprojects\planewar_multiplayer_v4\planewar_multiplayer_v4\ui\x64\debug\moc_logoutform.obj
e:\qtprojects\planewar_multiplayer_v4\planewar_multiplayer_v4\ui\x64\debug\moc_modifypasswordform.obj
e:\qtprojects\planewar_multiplayer_v4\planewar_multiplayer_v4\ui\x64\debug\moc_playersettingform.obj
e:\qtprojects\planewar_multiplayer_v4\planewar_multiplayer_v4\ui\x64\debug\exitform.obj
e:\qtprojects\planewar_multiplayer_v4\planewar_multiplayer_v4\ui\x64\debug\gamesettingform.obj
e:\qtprojects\planewar_multiplayer_v4\planewar_multiplayer_v4\ui\x64\debug\main.obj
e:\qtprojects\planewar_multiplayer_v4\planewar_multiplayer_v4\ui\x64\debug\registerform.obj
e:\qtprojects\planewar_multiplayer_v4\planewar_multiplayer_v4\ui\x64\debug\adminloginform.obj
e:\qtprojects\planewar_multiplayer_v4\planewar_multiplayer_v4\ui\x64\debug\joingameform.obj
e:\qtprojects\planewar_multiplayer_v4\planewar_multiplayer_v4\ui\x64\debug\mainwidget.obj
e:\qtprojects\planewar_multiplayer_v4\planewar_multiplayer_v4\ui\x64\debug\optionform.obj
e:\qtprojects\planewar_multiplayer_v4\planewar_multiplayer_v4\ui\x64\debug\databaseoperations.obj
e:\qtprojects\planewar_multiplayer_v4\planewar_multiplayer_v4\ui\x64\debug\gameform.obj
e:\qtprojects\planewar_multiplayer_v4\planewar_multiplayer_v4\ui\x64\debug\logoutform.obj
e:\qtprojects\planewar_multiplayer_v4\planewar_multiplayer_v4\ui\x64\debug\modifyuserform.obj
e:\qtprojects\planewar_multiplayer_v4\planewar_multiplayer_v4\ui\x64\debug\rng.obj
e:\qtprojects\planewar_multiplayer_v4\planewar_multiplayer_v4\ui\x64\debug\adminoperationform.obj
e:\qtprojects\planewar_multiplayer_v4\planewar_multiplayer_v4\ui\x64\debug\instructionform.obj
e:\qtprojects\planewar_multiplayer_v4\planewar_multiplayer_v4\ui\x64\debug\loginform.obj
e:\qtprojects\planewar_multiplayer_v4\planewar_multiplayer_v4\ui\x64\debug\modifypasswordform.obj
e:\qtprojects\planewar_multiplayer_v4\planewar_multiplayer_v4\ui\x64\debug\playersettingform.obj
e:\qtprojects\planewar_multiplayer_v4\planewar_multiplayer_v4\ui\x64\debug\soundsettingform.obj
e:\qtprojects\planewar_multiplayer_v4\planewar_multiplayer_v4\ui\x64\debug\modifyloginform.obj
e:\qtprojects\planewar_multiplayer_v4\planewar_multiplayer_v4\ui\x64\debug\modifytotalrecform.obj
e:\qtprojects\planewar_multiplayer_v4\planewar_multiplayer_v4\ui\x64\debug\vc142.pdb
e:\qtprojects\planewar_multiplayer_v4\planewar_multiplayer_v4\ui\debug\moc_predefs.h
e:\qtprojects\planewar_multiplayer_v4\planewar_multiplayer_v4\ui\debug\ui.exe
e:\qtprojects\planewar_multiplayer_v4\planewar_multiplayer_v4\ui\debug\ui.ilk
e:\qtprojects\planewar_multiplayer_v4\planewar_multiplayer_v4\ui\debug\ui.pdb
e:\qtprojects\planewar_multiplayer_v4\planewar_multiplayer_v4\ui\debug\moc_adminloginform.cpp
e:\qtprojects\planewar_multiplayer_v4\planewar_multiplayer_v4\ui\debug\moc_adminoperationform.cpp
e:\qtprojects\planewar_multiplayer_v4\planewar_multiplayer_v4\ui\debug\moc_exitform.cpp
e:\qtprojects\planewar_multiplayer_v4\planewar_multiplayer_v4\ui\debug\moc_gamesettingform.cpp
e:\qtprojects\planewar_multiplayer_v4\planewar_multiplayer_v4\ui\debug\moc_instructionform.cpp
e:\qtprojects\planewar_multiplayer_v4\planewar_multiplayer_v4\ui\debug\moc_joingameform.cpp
e:\qtprojects\planewar_multiplayer_v4\planewar_multiplayer_v4\ui\debug\moc_loginform.cpp
e:\qtprojects\planewar_multiplayer_v4\planewar_multiplayer_v4\ui\debug\moc_logoutform.cpp
e:\qtprojects\planewar_multiplayer_v4\planewar_multiplayer_v4\ui\debug\moc_mainwidget.cpp
e:\qtprojects\planewar_multiplayer_v4\planewar_multiplayer_v4\ui\debug\moc_modifyloginform.cpp
e:\qtprojects\planewar_multiplayer_v4\planewar_multiplayer_v4\ui\debug\moc_modifypasswordform.cpp
e:\qtprojects\planewar_multiplayer_v4\planewar_multiplayer_v4\ui\debug\moc_modifytotalrecform.cpp
e:\qtprojects\planewar_multiplayer_v4\planewar_multiplayer_v4\ui\debug\moc_modifyuserform.cpp
e:\qtprojects\planewar_multiplayer_v4\planewar_multiplayer_v4\ui\debug\moc_optionform.cpp
e:\qtprojects\planewar_multiplayer_v4\planewar_multiplayer_v4\ui\debug\moc_playersettingform.cpp
e:\qtprojects\planewar_multiplayer_v4\planewar_multiplayer_v4\ui\debug\moc_registerform.cpp
e:\qtprojects\planewar_multiplayer_v4\planewar_multiplayer_v4\ui\debug\moc_soundsettingform.cpp
e:\qtprojects\planewar_multiplayer_v4\planewar_multiplayer_v4\ui\debug\moc_gameform.cpp
e:\qtprojects\planewar_multiplayer_v4\planewar_multiplayer_v4\ui\debug\qrc_src.cpp
e:\qtprojects\planewar_multiplayer_v4\planewar_multiplayer_v4\ui\ui_adminloginform.h
e:\qtprojects\planewar_multiplayer_v4\planewar_multiplayer_v4\ui\ui_adminoperationform.h
e:\qtprojects\planewar_multiplayer_v4\planewar_multiplayer_v4\ui\ui_exitform.h
e:\qtprojects\planewar_multiplayer_v4\planewar_multiplayer_v4\ui\ui_gameform.h
e:\qtprojects\planewar_multiplayer_v4\planewar_multiplayer_v4\ui\ui_gamesettingform.h
e:\qtprojects\planewar_multiplayer_v4\planewar_multiplayer_v4\ui\ui_instructionform.h
e:\qtprojects\planewar_multiplayer_v4\planewar_multiplayer_v4\ui\ui_joingameform.h
e:\qtprojects\planewar_multiplayer_v4\planewar_multiplayer_v4\ui\ui_loginform.h
e:\qtprojects\planewar_multiplayer_v4\planewar_multiplayer_v4\ui\ui_logoutform.h
e:\qtprojects\planewar_multiplayer_v4\planewar_multiplayer_v4\ui\ui_mainwidget.h
e:\qtprojects\planewar_multiplayer_v4\planewar_multiplayer_v4\ui\ui_modifyloginform.h
e:\qtprojects\planewar_multiplayer_v4\planewar_multiplayer_v4\ui\ui_modifypasswordform.h
e:\qtprojects\planewar_multiplayer_v4\planewar_multiplayer_v4\ui\ui_modifytotalrecform.h
e:\qtprojects\planewar_multiplayer_v4\planewar_multiplayer_v4\ui\ui_modifyuserform.h
e:\qtprojects\planewar_multiplayer_v4\planewar_multiplayer_v4\ui\ui_optionform.h
e:\qtprojects\planewar_multiplayer_v4\planewar_multiplayer_v4\ui\ui_playersettingform.h
e:\qtprojects\planewar_multiplayer_v4\planewar_multiplayer_v4\ui\ui_registerform.h
e:\qtprojects\planewar_multiplayer_v4\planewar_multiplayer_v4\ui\ui_soundsettingform.h
e:\qtprojects\planewar_multiplayer_v4\planewar_multiplayer_v4\ui\x64\debug\ui.tlog\cl.10676.write.1.tlog
e:\qtprojects\planewar_multiplayer_v4\planewar_multiplayer_v4\ui\x64\debug\ui.tlog\cl.command.1.tlog
e:\qtprojects\planewar_multiplayer_v4\planewar_multiplayer_v4\ui\x64\debug\ui.tlog\cl.read.1.tlog
e:\qtprojects\planewar_multiplayer_v4\planewar_multiplayer_v4\ui\x64\debug\ui.tlog\custombuild.command.1.tlog
e:\qtprojects\planewar_multiplayer_v4\planewar_multiplayer_v4\ui\x64\debug\ui.tlog\custombuild.read.1.tlog
e:\qtprojects\planewar_multiplayer_v4\planewar_multiplayer_v4\ui\x64\debug\ui.tlog\custombuild.write.1.tlog
e:\qtprojects\planewar_multiplayer_v4\planewar_multiplayer_v4\ui\x64\debug\ui.tlog\link.command.1.tlog
e:\qtprojects\planewar_multiplayer_v4\planewar_multiplayer_v4\ui\x64\debug\ui.tlog\link.read.1.tlog
e:\qtprojects\planewar_multiplayer_v4\planewar_multiplayer_v4\ui\x64\debug\ui.tlog\link.write.1.tlog
e:\qtprojects\planewar_multiplayer_v4\planewar_multiplayer_v4\ui\x64\debug\ui.tlog\moc.read.1u.tlog
e:\qtprojects\planewar_multiplayer_v4\planewar_multiplayer_v4\ui\x64\debug\ui.tlog\moc.write.1u.tlog
e:\qtprojects\planewar_multiplayer_v4\planewar_multiplayer_v4\ui\x64\debug\ui.tlog\rcc.read.1u.tlog
e:\qtprojects\planewar_multiplayer_v4\planewar_multiplayer_v4\ui\x64\debug\ui.tlog\rcc.write.1u.tlog
e:\qtprojects\planewar_multiplayer_v4\planewar_multiplayer_v4\ui\x64\debug\ui.tlog\ui.write.1u.tlog
e:\qtprojects\planewar_multiplayer_v4\planewar_multiplayer_v4\ui\x64\debug\ui.tlog\uic.read.1u.tlog
e:\qtprojects\planewar_multiplayer_v4\planewar_multiplayer_v4\ui\x64\debug\ui.tlog\uic.write.1u.tlog
